c:\users\gabri\onedrive\documents\github\cycloide\cycloide\debug\vc143.pdb
c:\users\gabri\onedrive\documents\github\cycloide\cycloide\debug\vc143.idb
c:\users\gabri\onedrive\documents\github\cycloide\cycloide\debug\svgparser.obj
c:\users\gabri\onedrive\documents\github\cycloide\cycloide\debug\shapes.obj
c:\users\gabri\onedrive\documents\github\cycloide\cycloide\debug\main.obj
c:\users\gabri\onedrive\documents\github\cycloide\cycloide\debug\beziercurve.obj
c:\users\gabri\onedrive\documents\github\cycloide\cycloide\debug\camera.obj
c:\users\gabri\onedrive\documents\github\cycloide\cycloide\debug\menutextures.obj
c:\users\gabriel\documents\github\cycloide\cycloide\debug\vc143.pdb
c:\users\gabriel\documents\github\cycloide\cycloide\debug\vc143.idb
c:\users\gabriel\documents\github\cycloide\cycloide\debug\svgparser.obj
c:\users\gabriel\documents\github\cycloide\cycloide\debug\shapes.obj
c:\users\gabriel\documents\github\cycloide\cycloide\debug\menutextures.obj
c:\users\gabriel\documents\github\cycloide\cycloide\debug\main.obj
c:\users\gabriel\documents\github\cycloide\cycloide\debug\camera.obj
c:\users\gabriel\documents\github\cycloide\cycloide\debug\beziercurve.obj
c:\users\gabri\onedrive\documents\github\cycloide\cycloide\debug\cycloide.res
c:\users\gabriel\documents\github\cycloide\cycloide\debug\cycloide.res
c:\users\gabriel\documents\github\cycloide\debug\cycloide.pdb
c:\users\gabriel\documents\github\cycloide\cycloide\debug\cycloide.tlog\cl.command.1.tlog
c:\users\gabriel\documents\github\cycloide\cycloide\debug\cycloide.tlog\cl.read.1.tlog
c:\users\gabriel\documents\github\cycloide\cycloide\debug\cycloide.tlog\cl.write.1.tlog
c:\users\gabriel\documents\github\cycloide\cycloide\debug\cycloide.tlog\link-cvtres.read.1.tlog
c:\users\gabriel\documents\github\cycloide\cycloide\debug\cycloide.tlog\link-cvtres.write.1.tlog
c:\users\gabriel\documents\github\cycloide\cycloide\debug\cycloide.tlog\link-rc.read.1.tlog
c:\users\gabriel\documents\github\cycloide\cycloide\debug\cycloide.tlog\link-rc.write.1.tlog
c:\users\gabriel\documents\github\cycloide\cycloide\debug\cycloide.tlog\link.18044-cvtres.read.1.tlog
c:\users\gabriel\documents\github\cycloide\cycloide\debug\cycloide.tlog\link.18044-cvtres.write.1.tlog
c:\users\gabriel\documents\github\cycloide\cycloide\debug\cycloide.tlog\link.18044-rc.read.1.tlog
c:\users\gabriel\documents\github\cycloide\cycloide\debug\cycloide.tlog\link.18044-rc.write.1.tlog
c:\users\gabriel\documents\github\cycloide\cycloide\debug\cycloide.tlog\link.18044.read.1.tlog
c:\users\gabriel\documents\github\cycloide\cycloide\debug\cycloide.tlog\link.18044.write.1.tlog
c:\users\gabriel\documents\github\cycloide\cycloide\debug\cycloide.tlog\link.command.1.tlog
c:\users\gabriel\documents\github\cycloide\cycloide\debug\cycloide.tlog\link.read.1.tlog
c:\users\gabriel\documents\github\cycloide\cycloide\debug\cycloide.tlog\link.write.1.tlog
c:\users\gabriel\documents\github\cycloide\cycloide\debug\cycloide.tlog\rc.command.1.tlog
c:\users\gabriel\documents\github\cycloide\cycloide\debug\cycloide.tlog\rc.read.1.tlog
c:\users\gabriel\documents\github\cycloide\cycloide\debug\cycloide.tlog\rc.write.1.tlog
